Build started 4/27/2014 2:51:56 PM.
     1>Project "C:\Users\Wajih\Documents\Visual Studio 2013\Projects\Pong-Wajih\Pong-Wajih\Pong-Wajih.vcxproj" on node 2 (Build target(s)).
     1>ClCompile:
         E:\Program Files (x86)\Microsoft Visual Studio 12.0\VC\bin\CL.exe /c /ZI /nologo /W3 /WX- /sdl /Od /Oy- /D _MBCS /Gm /EHsc /RTC1 /MDd /GS /fp:precise /Zc:wchar_t /Zc:forScope /Fo"Debug\\" /Fd"Debug\vc120.pdb" /Gd /TP /analyze- /errorReport:prompt Controller.cpp Main.cpp
         Controller.cpp
     1>c:\users\wajih\documents\visual studio 2013\projects\pong-wajih\pong-wajih\controller.cpp(30): warning C4244: 'argument' : conversion from 'double' to 'int', possible loss of data
     1>c:\users\wajih\documents\visual studio 2013\projects\pong-wajih\pong-wajih\controller.cpp(31): warning C4244: 'argument' : conversion from 'int' to 'float', possible loss of data
     1>c:\users\wajih\documents\visual studio 2013\projects\pong-wajih\pong-wajih\controller.cpp(32): warning C4244: 'argument' : conversion from 'int' to 'float', possible loss of data
     1>c:\users\wajih\documents\visual studio 2013\projects\pong-wajih\pong-wajih\controller.cpp(42): warning C4244: 'argument' : conversion from 'float' to 'int', possible loss of data
     1>c:\users\wajih\documents\visual studio 2013\projects\pong-wajih\pong-wajih\controller.cpp(49): warning C4244: 'argument' : conversion from 'float' to 'int', possible loss of data
     1>c:\users\wajih\documents\visual studio 2013\projects\pong-wajih\pong-wajih\controller.cpp(140): warning C4244: '=' : conversion from 'int' to 'float', possible loss of data
     1>c:\users\wajih\documents\visual studio 2013\projects\pong-wajih\pong-wajih\controller.cpp(141): warning C4244: '=' : conversion from 'double' to 'float', possible loss of data
     1>c:\users\wajih\documents\visual studio 2013\projects\pong-wajih\pong-wajih\controller.cpp(143): warning C4244: 'argument' : conversion from 'int' to 'float', possible loss of data
     1>c:\users\wajih\documents\visual studio 2013\projects\pong-wajih\pong-wajih\controller.cpp(149): warning C4244: '=' : conversion from 'int' to 'float', possible loss of data
     1>c:\users\wajih\documents\visual studio 2013\projects\pong-wajih\pong-wajih\controller.cpp(150): warning C4244: '=' : conversion from 'double' to 'float', possible loss of data
     1>c:\users\wajih\documents\visual studio 2013\projects\pong-wajih\pong-wajih\controller.cpp(151): warning C4244: 'argument' : conversion from 'int' to 'float', possible loss of data
     1>c:\users\wajih\documents\visual studio 2013\projects\pong-wajih\pong-wajih\controller.cpp(160): warning C4244: '/=' : conversion from 'double' to 'float', possible loss of data
     1>c:\users\wajih\documents\visual studio 2013\projects\pong-wajih\pong-wajih\controller.cpp(161): warning C4244: 'return' : conversion from 'double' to 'float', possible loss of data
         Generating Code...
         Compiling...
         Main.cpp
         Generating Code...
       Link:
         E:\Program Files (x86)\Microsoft Visual Studio 12.0\VC\bin\link.exe /ERRORREPORT:PROMPT /OUT:"C:\Users\Wajih\Documents\Visual Studio 2013\Projects\Pong-Wajih\Debug\Pong-Wajih.exe" /INCREMENTAL /NOLOGO SDL2.lib SDL2main.lib SDL2_ttf.lib SDL2_image.lib kernel32.lib user32.lib gdi32.lib winspool.lib comdlg32.lib advapi32.lib shell32.lib ole32.lib oleaut32.lib uuid.lib odbc32.lib odbccp32.lib /MANIFEST /MANIFESTUAC:"level='asInvoker' uiAccess='false'" /manifest:embed /DEBUG /PDB:"C:\Users\Wajih\Documents\Visual Studio 2013\Projects\Pong-Wajih\Debug\Pong-Wajih.pdb" /SUBSYSTEM:CONSOLE /TLBID:1 /DYNAMICBASE /NXCOMPAT /IMPLIB:"C:\Users\Wajih\Documents\Visual Studio 2013\Projects\Pong-Wajih\Debug\Pong-Wajih.lib" /MACHINE:X86 Debug\Ball.obj
         Debug\Controller.obj
         Debug\Main.obj
         Debug\Paddle.obj
         Pong-Wajih.vcxproj -> C:\Users\Wajih\Documents\Visual Studio 2013\Projects\Pong-Wajih\Debug\Pong-Wajih.exe
     1>Done Building Project "C:\Users\Wajih\Documents\Visual Studio 2013\Projects\Pong-Wajih\Pong-Wajih\Pong-Wajih.vcxproj" (Build target(s)).

Build succeeded.

Time Elapsed 00:00:01.84
